1737537050716	geckodriver	INFO	Listening on 127.0.0.1:56226
1737537053803	mozrunner::runner	INFO	Running command: "C:\\Users\\samuel.a.pereira\\.cache\\selenium\\firefox\\win64\\134.0.2\\firefox.exe" "--marionette" "--remo ... emote-allow-hosts" "localhost" "-no-remote" "-profile" "C:\\Users\\SAMUEL~1.PER\\AppData\\Local\\Temp\\rust_mozprofile7Xhr48"
console.warn: services.settings: Ignoring preference override of remote settings server
console.warn: services.settings: Allow by setting MOZ_REMOTE_SETTINGS_DEVTOOLS=1 in the environment
Dynamically enable window occlusion 0
1737537054281	Marionette	INFO	Marionette enabled
1737537054550	Marionette	INFO	Listening on port 56242
WebDriver BiDi listening on ws://127.0.0.1:56227
Read port: 56242
1737537054729	RemoteAgent	WARN	TLS certificate errors will be ignored for this session
DevTools listening on ws://127.0.0.1:56227/devtools/browser/601506b7-430e-4841-b105-f21595fa4a32
1737537069415	Marionette	INFO	Stopped listening on port 56242
Dynamically enable window occlusion 1
!!! error running onStopped callback: TypeError: callback is not a function
JavaScript error: chrome://remote/content/marionette/cert.sys.mjs, line 47: NS_ERROR_NOT_AVAILABLE: Component returned failure code: 0x80040111 (NS_ERROR_NOT_AVAILABLE) [nsICertOverrideService.setDisableAllSecurityChecksAndLetAttackersInterceptMyData]
1737537069470	WebDriver BiDi	ERROR	Failed to stop protocol: [Exception... "Component returned failure code: 0x80040111 (NS_ERROR_NOT_AVAILABLE) [nsICertOverrideService.setDisableAllSecurityChecksAndLetAttackersInterceptMyData]"  nsresult: "0x80040111 (NS_ERROR_NOT_AVAILABLE)"  location: "JS frame :: chrome://remote/content/marionette/cert.sys.mjs :: allowAllCerts.disable :: line 47"  data: no] Stack trace: allowAllCerts.disable()@cert.sys.mjs:47
destroy()@Session.sys.mjs:280
deleteSession()@WebDriverBiDi.sys.mjs:174
stop()@WebDriverBiDi.sys.mjs:264
observe()@resource://gre/modules/AsyncShutdown.sys.mjs:569
